27-Mar-23 22:04:09 - Electricity_init_0_1000-HT-0.0, 0.0, 0.0, 0.0, 0.0, 0.0, 0.8796764408493428
27-Mar-23 22:04:10 - Electricity_random_delay_lfs_0.1_0_1000-HT-0.0, 0.0, 0.0, 0.0, 0.0, 0.0, 0.8171683389074693
27-Mar-23 22:04:10 - Electricity_init_0_1000-Dummy-0.0, 0.0, 0.0, 0.0, 0.0, 0.0, 0.8604651162790697
27-Mar-23 22:04:10 - Electricity_random_delay_lfs_0.1_0_1000-Dummy-0.0, 0.0, 0.0, 0.0, 0.0, 0.0, 0.7279821627647715
27-Mar-23 22:04:10 - Electricity_delay_0_1000-HT-0.795959595959596, 0.0, 0.6666666666666666, 0.7958236658932715, 0.6666666666666666, 0.8111111111111111, 0.8111111111111111
27-Mar-23 22:04:10 - Electricity_delay_0_1000-Dummy-0.6393939393939394, 0.0, 0.6666666666666666, 0.6781609195402298, 1.0, 0.7303030303030303, 0.7303030303030303
27-Mar-23 22:04:11 - Electricity_init_0_1000-CluStreamAndLabel-0.0, 0.0, 0.0, 0.0, 0.0, 0.0, 0.6072874493927125
27-Mar-23 22:04:11 - Electricity_random_delay_lfs_0.1_0_1000-CluStreamAndLabel-0.0, 0.0, 0.0, 0.0, 0.0, 0.0, 0.6004464285714286
27-Mar-23 22:04:12 - Electricity_random_delay_lfs_0.2_0_1000-HT-0.0, 0.0, 0.0, 0.0, 0.0, 0.0, 0.8104738154613467
27-Mar-23 22:04:12 - Electricity_random_delay_lfs_0.2_0_1000-Dummy-0.0, 0.0, 0.0, 0.0, 0.0, 0.0, 0.7281795511221946
27-Mar-23 22:04:13 - Electricity_delay_0_1000-CluStreamAndLabel-0.5383838383838384, 0.0, 0.3333333333333333, 0.5586206896551724, 0.6666666666666666, 0.5585858585858586, 0.5585858585858586
27-Mar-23 22:04:13 - Electricity_random_delay_ssl_0.1_0_1000-HT-0.7605790645879733, 0.0, 0.0, 0.7656675749318801, 0.0, 0.7717149220489977, 0.7717149220489977
27-Mar-23 22:04:13 - Electricity_random_delay_ssl_0.1_0_1000-Dummy-0.6302895322939867, 0.0, 0.0, 0.699438202247191, 1.0, 0.7271714922048997, 0.7271714922048997
27-Mar-23 22:04:13 - Electricity_random_delay_lfs_0.2_0_1000-CluStreamAndLabel-0.0, 0.0, 0.0, 0.0, 0.0, 0.0, 0.6042446941323346
27-Mar-23 22:04:13 - Electricity_random_delay_lfs_0.5_0_1000-HT-0.0, 0.0, 0.0, 0.0, 0.0, 0.0, 0.8765432098765432
27-Mar-23 22:04:13 - Electricity_random_delay_ssl_0.2_0_1000-HT-0.8181818181818182, 0.0, 1.0, 0.7924528301886793, 1.0, 0.825653798256538, 0.825653798256538
27-Mar-23 22:04:14 - Electricity_random_delay_lfs_0.5_0_1000-Dummy-0.0, 0.0, 0.0, 0.0, 0.0, 0.0, 0.6954732510288066
27-Mar-23 22:04:14 - Electricity_random_delay_ssl_0.2_0_1000-Dummy-0.6313823163138231, 0.0, 0.0, 0.674496644295302, 1.0, 0.7272727272727273, 0.7272727272727273
27-Mar-23 22:04:14 - Electricity_random_delay_lfs_0.5_0_1000-CluStreamAndLabel-0.0, 0.0, 0.0, 0.0, 0.0, 0.0, 0.5876288659793815
27-Mar-23 22:04:17 - Electricity_random_delay_ssl_0.1_0_1000-CluStreamAndLabel-0.5367483296213809, 0.0, 0.0, 0.5368956743002544, 0.0, 0.5512249443207127, 0.5512249443207127
27-Mar-23 22:04:17 - Electricity_random_delay_ssl_0.5_0_1000-HT-0.7453798767967146, 0.0, 0.0, 0.7307692307692307, 0.0, 0.757700205338809, 0.757700205338809
27-Mar-23 22:04:17 - Electricity_random_delay_ssl_0.5_0_1000-Dummy-0.6201232032854209, 0.0, 0.0, 0.6822429906542056, 0.0, 0.6940451745379876, 0.6940451745379876
27-Mar-23 22:04:18 - Electricity_random_delay_ssl_0.2_0_1000-CluStreamAndLabel-0.5317559153175592, 0.0, 0.0, 0.5818815331010453, 0.0, 0.547945205479452, 0.547945205479452
27-Mar-23 22:04:20 - Electricity_random_delay_ssl_0.5_0_1000-CluStreamAndLabel-0.5051334702258727, 0.0, 0.0, 0.49019607843137253, 0.0, 0.5154004106776181, 0.5154004106776181
