27-Mar-23 22:11:41 - Electricity_random_delay_lfs_0.1_0_1000, HT, 0.0, 0.0, 0.0, 0.0, 0.0, 0.0, 0.8758389261744967
27-Mar-23 22:11:41 - Electricity_random_delay_lfs_0.1_0_1000, Dummy, 0.0, 0.0, 0.0, 0.0, 0.0, 0.0, 0.7225950782997763
27-Mar-23 22:11:41 - Electricity_init_0_1000, HT, 0.0, 0.0, 0.0, 0.0, 0.0, 0.0, 0.8483316481294236
27-Mar-23 22:11:41 - Electricity_init_0_1000, Dummy, 0.0, 0.0, 0.0, 0.0, 0.0, 0.0, 0.8604651162790697
27-Mar-23 22:11:42 - Electricity_delay_0_1000, HT, 0.803030303030303, 0.0, 1.0, 0.8153846153846154, 1.0, 0.8303030303030303, 0.8303030303030303
27-Mar-23 22:11:42 - Electricity_delay_0_1000, Dummy, 0.6232323232323232, 0.0, 1.0, 0.6827133479212254, 1.0, 0.7343434343434343, 0.7343434343434343
27-Mar-23 22:11:42 - Electricity_random_delay_lfs_0.1_0_1000, CluStreamAndLabel, 0.0, 0.0, 0.0, 0.0, 0.0, 0.0, 0.6058230683090705
27-Mar-23 22:11:43 - Electricity_init_0_1000, CluStreamAndLabel, 0.0, 0.0, 0.0, 0.0, 0.0, 0.0, 0.6072874493927125
27-Mar-23 22:11:44 - Electricity_random_delay_lfs_0.2_0_1000, HT, 0.0, 0.0, 0.0, 0.0, 0.0, 0.0, 0.8699609882964889
27-Mar-23 22:11:44 - Electricity_random_delay_lfs_0.2_0_1000, Dummy, 0.0, 0.0, 0.0, 0.0, 0.0, 0.0, 0.7256176853055917
27-Mar-23 22:11:44 - Electricity_random_delay_ssl_0.2_0_1000, HT, 0.5103896103896104, 0.0, 0.0, 0.4866920152091255, 0.0, 0.5103896103896104, 0.5103896103896104
27-Mar-23 22:11:44 - Electricity_random_delay_ssl_0.2_0_1000, Dummy, 0.6220779220779221, 0.0, 0.0, 0.6846153846153846, 0.0, 0.7259740259740259, 0.7259740259740259
27-Mar-23 22:11:44 - Electricity_random_delay_ssl_0.1_0_1000, HT, 0.8055865921787709, 0.0, 1.0, 0.8058510638297872, 1.0, 0.8167597765363128, 0.8167597765363128
27-Mar-23 22:11:44 - Electricity_random_delay_ssl_0.1_0_1000, Dummy, 0.6268156424581005, 0.0, 1.0, 0.7024128686327078, 1.0, 0.7217877094972067, 0.7217877094972067
27-Mar-23 22:11:45 - Electricity_random_delay_lfs_0.2_0_1000, CluStreamAndLabel, 0.0, 0.0, 0.0, 0.0, 0.0, 0.0, 0.609375
27-Mar-23 22:11:45 - Electricity_random_delay_lfs_0.5_0_1000, HT, 0.0, 0.0, 0.0, 0.0, 0.0, 0.0, 0.8293736501079914
27-Mar-23 22:11:45 - Electricity_random_delay_lfs_0.5_0_1000, Dummy, 0.0, 0.0, 0.0, 0.0, 0.0, 0.0, 0.7192224622030238
27-Mar-23 22:11:46 - Electricity_random_delay_lfs_0.5_0_1000, CluStreamAndLabel, 0.0, 0.0, 0.0, 0.0, 0.0, 0.0, 0.5974025974025974
27-Mar-23 22:11:46 - Electricity_delay_0_1000, CluStreamAndLabel, 0.5353535353535354, 0.0, 0.3333333333333333, 0.5426695842450766, 0.3333333333333333, 0.5606060606060606, 0.5606060606060606
27-Mar-23 22:11:46 - Electricity_random_delay_ssl_0.5_0_1000, HT, 0.6939655172413793, 0.0, 0.0, 0.6857142857142857, 0.0, 0.6982758620689655, 0.6982758620689655
27-Mar-23 22:11:46 - Electricity_random_delay_ssl_0.5_0_1000, Dummy, 0.6206896551724138, 0.0, 0.0, 0.7, 0.0, 0.7176724137931034, 0.7176724137931034
27-Mar-23 22:11:49 - Electricity_random_delay_ssl_0.1_0_1000, CluStreamAndLabel, 0.5363128491620112, 0.0, 1.0, 0.5291005291005291, 1.0, 0.5586592178770949, 0.5586592178770949
27-Mar-23 22:11:49 - Electricity_random_delay_ssl_0.2_0_1000, CluStreamAndLabel, 0.5324675324675324, 0.0, 0.0, 0.5665399239543726, 0.0, 0.5376623376623376, 0.5376623376623376
27-Mar-23 22:11:50 - Electricity_random_delay_ssl_0.5_0_1000, CluStreamAndLabel, 0.5193965517241379, 0.0, 0.0, 0.6333333333333333, 0.0, 0.5301724137931034, 0.5301724137931034
27-Mar-23 22:26:57 - Electricity_random_delay_lfs_0.1_0_40000, HT, 0.0, 0.0, 0.0, 0.0, 0.0, 0.0, 0.8101279910962715
27-Mar-23 22:26:57 - Electricity_random_delay_lfs_0.1_0_40000, Dummy, 0.0, 0.0, 0.0, 0.0, 0.0, 0.0, 0.7421535893155259
27-Mar-23 22:27:09 - Electricity_init_0_40000, HT, 0.0, 0.0, 0.0, 0.0, 0.0, 0.0, 0.8211258095976394
27-Mar-23 22:27:09 - Electricity_init_0_40000, Dummy, 0.0, 0.0, 0.0, 0.0, 0.0, 0.0, 0.8549101002775763
27-Mar-23 22:27:37 - Electricity_delay_0_40000, HT, 0.7614403600900225, 0.0, 0.7553191489361702, 0.7632012762563148, 0.7553191489361702, 0.7690922730682671, 0.7690922730682671
27-Mar-23 22:27:40 - Electricity_delay_0_40000, Dummy, 0.6724181045261315, 0.0, 0.6063829787234043, 0.7149085495533816, 0.776595744680851, 0.7441110277569393, 0.7441110277569393
27-Mar-23 22:32:48 - Electricity_random_delay_lfs_0.1_0_40000, ARF, 0.0, 0.0, 0.0, 0.0, 0.0, 0.0, 0.8790484140233723
27-Mar-23 22:32:55 - Electricity_random_delay_lfs_0.1_0_40000, NB, 0.0, 0.0, 0.0, 0.0, 0.0, 0.0, 0.754284919309961
27-Mar-23 22:33:21 - Electricity_init_0_40000, ARF, 0.0, 0.0, 0.0, 0.0, 0.0, 0.0, 0.8848933456700593
27-Mar-23 22:33:27 - Electricity_init_0_40000, NB, 0.0, 0.0, 0.0, 0.0, 0.0, 0.0, 0.7546575308209758
27-Mar-23 22:38:31 - Electricity_delay_0_40000, ARF, 0.8240060015003751, 0.0, 0.8191489361702128, 0.8395363675031902, 0.851063829787234, 0.8582145536384096, 0.8582145536384096
27-Mar-23 22:38:55 - Electricity_delay_0_40000, NB, 0.7405601400350088, 0.0, 0.7553191489361702, 0.7370267971076138, 0.7553191489361702, 0.7409102275568892, 0.7409102275568892
27-Mar-23 22:45:22 - Electricity_random_delay_lfs_0.1_0_40000, KNN, 0.0, 0.0, 0.0, 0.0, 0.0, 0.0, 0.8526432943795215
27-Mar-23 22:46:27 - Electricity_random_delay_lfs_0.1_0_40000, CluStreamAndLabel, 0.0, 0.0, 0.0, 0.0, 0.0, 0.0, 0.5517682740198669
27-Mar-23 22:46:58 - Electricity_init_0_40000, KNN, 0.0, 0.0, 0.0, 0.0, 0.0, 0.0, 0.8661631948785916
27-Mar-23 22:47:09 - Electricity_random_delay_lfs_0.2_0_40000, HT, 0.0, 0.0, 0.0, 0.0, 0.0, 0.0, 0.8072345463609173
27-Mar-23 22:47:09 - Electricity_random_delay_lfs_0.2_0_40000, Dummy, 0.0, 0.0, 0.0, 0.0, 0.0, 0.0, 0.7388771186440678
27-Mar-23 22:47:54 - Electricity_init_0_40000, CluStreamAndLabel, 0.0, 0.0, 0.0, 0.0, 0.0, 0.0, 0.5580924277283185
27-Mar-23 22:52:36 - Electricity_random_delay_lfs_0.2_0_40000, ARF, 0.0, 0.0, 0.0, 0.0, 0.0, 0.0, 0.8719155034895314
27-Mar-23 22:52:48 - Electricity_random_delay_lfs_0.2_0_40000, NB, 0.0, 0.0, 0.0, 0.0, 0.0, 0.0, 0.7543307577268196
27-Mar-23 23:02:37 - Electricity_random_delay_lfs_0.2_0_40000, KNN, 0.0, 0.0, 0.0, 0.0, 0.0, 0.0, 0.8489219840478565
27-Mar-23 23:03:23 - Electricity_random_delay_lfs_0.2_0_40000, CluStreamAndLabel, 0.0, 0.0, 0.0, 0.0, 0.0, 0.0, 0.5543854182894532
27-Mar-23 23:03:45 - Electricity_random_delay_lfs_0.5_0_40000, HT, 0.0, 0.0, 0.0, 0.0, 0.0, 0.0, 0.7896114155927517
27-Mar-23 23:03:45 - Electricity_random_delay_lfs_0.5_0_40000, Dummy, 0.0, 0.0, 0.0, 0.0, 0.0, 0.0, 0.7315953192119686
27-Mar-23 23:06:37 - Electricity_random_delay_lfs_0.5_0_40000, ARF, 0.0, 0.0, 0.0, 0.0, 0.0, 0.0, 0.8534538093122006
27-Mar-23 23:06:41 - Electricity_random_delay_lfs_0.5_0_40000, NB, 0.0, 0.0, 0.0, 0.0, 0.0, 0.0, 0.7518886090949489
27-Mar-23 23:08:19 - Electricity_random_delay_ssl_0.1_0_40000, HT, 0.7276369605742745, 0.0, 0.71875, 0.7293048553993101, 0.78125, 0.7353718594362983, 0.7353718594362983
27-Mar-23 23:11:24 - Electricity_random_delay_ssl_0.1_0_40000, Dummy, 0.6677054060821903, 0.0, 0.5862068965517241, 0.7174230360934183, 0.9310344827586207, 0.7421607634734704, 0.7421607634734704
27-Mar-23 23:12:48 - Electricity_random_delay_lfs_0.5_0_40000, KNN, 0.0, 0.0, 0.0, 0.0, 0.0, 0.0, 0.8289142349281587
27-Mar-23 23:13:19 - Electricity_random_delay_lfs_0.5_0_40000, CluStreamAndLabel, 0.0, 0.0, 0.0, 0.0, 0.0, 0.0, 0.5628086114951609
27-Mar-23 23:21:52 - Electricity_delay_0_40000, KNN, 0.761565391347837, 0.0, 0.7553191489361702, 0.7690876222883879, 0.7978723404255319, 0.7906976744186046, 0.7906976744186046
27-Mar-23 23:23:56 - Electricity_delay_0_40000, CluStreamAndLabel, 0.46559139784946235, 0.0, 0.3829787234042553, 0.4783071033602722, 0.48936170212765956, 0.4992498124531133, 0.4992498124531133
27-Mar-23 23:31:44 - Electricity_random_delay_ssl_0.2_0_40000, HT, 0.7148020064180453, 0.0, 0.625, 0.7172158154859967, 0.625, 0.7216873851138735, 0.7216873851138735
27-Mar-23 23:34:53 - Electricity_random_delay_ssl_0.2_0_40000, Dummy, 0.6619933327102221, 0.0, 0.8181818181818182, 0.7120118148999015, 0.6363636363636364, 0.7388852540735894, 0.7388852540735894
27-Mar-23 23:50:40 - Electricity_random_delay_ssl_0.5_0_40000, HT, 0.687716006714723, 0.0, 0.0, 0.6935351882160393, 0.0, 0.6885059741285672, 0.6885059741285672
27-Mar-23 23:54:39 - Electricity_random_delay_ssl_0.5_0_40000, Dummy, 0.6478720252789573, 0.0, 0.0, 0.6897608828939301, 0.0, 0.7316085711464402, 0.7316085711464402
28-Mar-23 02:10:25 - Electricity_random_delay_ssl_0.1_0_40000, ARF, 0.8162265935839292, 0.0, 0.8611111111111112, 0.8301562086311888, 0.9444444444444444, 0.845914137057956, 0.845914137057956
28-Mar-23 02:44:13 - Electricity_random_delay_ssl_0.1_0_40000, NB, 0.7352605659274922, 0.0, 0.8125, 0.7320252831182512, 0.8125, 0.7357057399627167, 0.7357057399627167
28-Mar-23 03:50:15 - Electricity_random_delay_ssl_0.2_0_40000, ARF, 0.815839486556376, 0.0, 0.5714285714285714, 0.832275088645172, 0.5714285714285714, 0.8418543789139172, 0.8418543789139172
28-Mar-23 04:49:08 - Electricity_random_delay_ssl_0.2_0_40000, NB, 0.7249275633236751, 0.0, 0.5, 0.7188609162195625, 0.5, 0.7253637411596099, 0.7253637411596099
28-Mar-23 06:35:11 - Electricity_random_delay_ssl_0.5_0_40000, ARF, 0.7803890589513183, 0.0, 0.0, 0.7763558805606338, 0.0, 0.7914486027451367, 0.7914486027451367
28-Mar-23 08:12:03 - Electricity_random_delay_ssl_0.5_0_40000, NB, 0.6380468055692703, 0.0, 0.0, 0.6414977244517998, 0.0, 0.6382442974227314, 0.6382442974227314
