27-Mar-23 22:09:34 - Electricity_random_delay_lfs_0.1_0_1000 HT 0.0, 0.0, 0.0, 0.0, 0.0, 0.0, 0.844097995545657
27-Mar-23 22:09:34 - Electricity_init_0_1000 HT 0.0, 0.0, 0.0, 0.0, 0.0, 0.0, 0.8361981799797775
27-Mar-23 22:09:34 - Electricity_random_delay_lfs_0.1_0_1000 Dummy 0.0, 0.0, 0.0, 0.0, 0.0, 0.0, 0.7171492204899778
27-Mar-23 22:09:34 - Electricity_init_0_1000 Dummy 0.0, 0.0, 0.0, 0.0, 0.0, 0.0, 0.8604651162790697
27-Mar-23 22:09:35 - Electricity_delay_0_1000 HT 0.7686868686868686, 0.0, 0.5, 0.7790973871733967, 0.5, 0.7818181818181819, 0.7818181818181819
27-Mar-23 22:09:35 - Electricity_delay_0_1000 Dummy 0.6545454545454545, 0.0, 0.0, 0.6643192488262911, 1.0, 0.7202020202020202, 0.7202020202020202
27-Mar-23 22:09:35 - Electricity_random_delay_lfs_0.1_0_1000 CluStreamAndLabel 0.0, 0.0, 0.0, 0.0, 0.0, 0.0, 0.6231884057971014
27-Mar-23 22:09:35 - Electricity_init_0_1000 CluStreamAndLabel 0.0, 0.0, 0.0, 0.0, 0.0, 0.0, 0.6072874493927125
27-Mar-23 22:09:35 - Electricity_random_delay_ssl_0.2_0_1000 HT 0.8426395939086294, 0.0, 0.0, 0.8802816901408451, 0.0, 0.8642131979695431, 0.8642131979695431
27-Mar-23 22:09:36 - Electricity_random_delay_ssl_0.2_0_1000 Dummy 0.6408629441624365, 0.0, 0.0, 0.6678700361010831, 0.0, 0.7119289340101523, 0.7119289340101523
27-Mar-23 22:09:36 - Electricity_random_delay_lfs_0.2_0_1000 HT 0.0, 0.0, 0.0, 0.0, 0.0, 0.0, 0.8653113087674714
27-Mar-23 22:09:36 - Electricity_random_delay_lfs_0.2_0_1000 Dummy 0.0, 0.0, 0.0, 0.0, 0.0, 0.0, 0.7128335451080051
27-Mar-23 22:09:36 - Electricity_random_delay_lfs_0.2_0_1000 CluStreamAndLabel 0.0, 0.0, 0.0, 0.0, 0.0, 0.0, 0.6195928753180662
27-Mar-23 22:09:37 - Electricity_random_delay_lfs_0.5_0_1000 HT 0.0, 0.0, 0.0, 0.0, 0.0, 0.0, 0.8522954091816367
27-Mar-23 22:09:37 - Electricity_random_delay_lfs_0.5_0_1000 Dummy 0.0, 0.0, 0.0, 0.0, 0.0, 0.0, 0.7085828343313373
27-Mar-23 22:09:37 - Electricity_random_delay_ssl_0.1_0_1000 HT 0.8476084538375973, 0.0, 0.75, 0.8397790055248618, 0.75, 0.8553948832035595, 0.8553948832035595
27-Mar-23 22:09:37 - Electricity_random_delay_ssl_0.1_0_1000 Dummy 0.6484983314794216, 0.0, 1.0, 0.6885245901639344, 1.0, 0.7163515016685206, 0.7163515016685206
27-Mar-23 22:09:38 - Electricity_random_delay_lfs_0.5_0_1000 CluStreamAndLabel 0.0, 0.0, 0.0, 0.0, 0.0, 0.0, 0.642
27-Mar-23 22:09:40 - Electricity_delay_0_1000 CluStreamAndLabel 0.5262626262626262, 0.0, 0.0, 0.528169014084507, 0.5, 0.5676767676767677, 0.5676767676767677
27-Mar-23 22:09:40 - Electricity_random_delay_ssl_0.5_0_1000 HT 0.703187250996016, 0.0, 0.0, 0.7692307692307693, 0.0, 0.7131474103585658, 0.7131474103585658
27-Mar-23 22:09:40 - Electricity_random_delay_ssl_0.5_0_1000 Dummy 0.6394422310756972, 0.0, 0.0, 0.7450980392156863, 0.0, 0.7071713147410359, 0.7071713147410359
27-Mar-23 22:09:41 - Electricity_random_delay_ssl_0.2_0_1000 CluStreamAndLabel 0.5126903553299492, 0.0, 0.0, 0.5259515570934256, 0.0, 0.5558375634517766, 0.5558375634517766
27-Mar-23 22:09:41 - Electricity_random_delay_ssl_0.1_0_1000 CluStreamAndLabel 0.5328142380422692, 0.0, 0.0, 0.5490716180371353, 0.0, 0.5650723025583982, 0.5650723025583982
27-Mar-23 22:09:43 - Electricity_random_delay_ssl_0.5_0_1000 CluStreamAndLabel 0.5139442231075697, 0.0, 0.0, 0.4765625, 0.0, 0.5298804780876494, 0.5298804780876494
